TN:
SF:src/app/app.html
FN:45,App_Conditional_10_Template_button_click_2_listener
FN:28,App_Template_button_click_6_listener
FN:37,App_Template_button_click_8_listener
FNF:3
FNH:1
FNDA:0,App_Conditional_10_Template_button_click_2_listener
FNDA:0,App_Template_button_click_6_listener
FNDA:1,App_Template_button_click_8_listener
DA:3,7
DA:4,8
DA:6,8
DA:7,6
DA:8,7
DA:10,6
DA:11,7
DA:12,1
DA:14,1
DA:16,6
DA:19,7
DA:22,8
DA:26,8
DA:28,7
DA:30,7
DA:31,7
DA:32,7
DA:35,8
DA:37,7
DA:39,7
DA:40,7
DA:43,8
DA:44,7
DA:45,6
DA:46,7
DA:47,6
DA:49,7
DA:52,7
DA:53,7
DA:54,7
LF:30
LH:30
BRDA:11,0,0,1
BRDA:11,0,1,6
BRDA:6,1,0,7
BRDA:6,1,1,1
BRDA:43,2,0,7
BRDA:43,2,1,1
BRF:6
BRH:6
end_of_record
TN:
SF:src/app/app.ts
FN:31,(anonymous_0)
FN:32,(anonymous_1)
FN:35,use
FN:39,signOut
FN:15,template
FNF:5
FNH:4
FNDA:6,(anonymous_0)
FNDA:6,(anonymous_1)
FNDA:1,use
FNDA:0,signOut
FNDA:1,template
DA:15,15
DA:16,1
DA:17,1
DA:19,1
DA:20,1
DA:21,1
DA:22,1
DA:31,1
DA:32,6
DA:36,1
DA:40,0
LF:11
LH:10
BRDA:15,0,0,7
BRDA:15,0,1,7
BRDA:15,1,0,7
BRDA:15,1,1,8
BRDA:15,2,0,1
BRDA:15,2,1,1
BRDA:15,2,2,1
BRDA:15,3,0,1
BRDA:15,3,1,1
BRDA:15,3,2,1
BRF:10
BRH:10
end_of_record
TN:
SF:src/app/core/api/maintenance-api.service.ts
FN:22,machines
FN:33,ask
FN:38,documentUrl
FN:43,myUploads
FN:48,upload
FN:73,classify
FN:94,reasonOf
FNF:7
FNH:7
FNDA:18,machines
FNDA:11,ask
FNDA:18,documentUrl
FNDA:8,myUploads
FNDA:2,upload
FNDA:4,classify
FNDA:2,reasonOf
DA:17,20
DA:18,20
DA:19,20
DA:23,18
DA:34,11
DA:39,18
DA:44,8
DA:49,2
DA:74,4
DA:75,0
DA:77,4
DA:79,1
DA:81,2
DA:83,1
DA:87,0
DA:89,0
DA:95,2
DA:96,2
DA:97,2
DA:98,2
DA:100,0
LF:21
LH:17
BRDA:17,0,0,18
BRDA:17,0,1,18
BRDA:17,1,0,2
BRDA:17,1,1,2
BRDA:17,1,2,2
BRDA:74,2,0,0
BRDA:74,2,1,4
BRDA:77,3,0,1
BRDA:77,3,1,2
BRDA:77,3,2,1
BRDA:77,3,3,0
BRDA:77,3,4,0
BRDA:77,3,5,0
BRDA:77,3,6,0
BRDA:81,4,0,1
BRDA:81,4,1,1
BRDA:96,5,0,2
BRDA:96,5,1,0
BRDA:96,6,0,2
BRDA:96,6,1,2
BRDA:96,6,2,2
BRDA:98,7,0,2
BRDA:98,7,1,0
BRF:23
BRH:16
end_of_record
TN:
SF:src/app/core/auth/auth.config.ts
FN:16,buildAuthConfig
FNF:1
FNH:1
FNDA:2,buildAuthConfig
DA:17,2
DA:19,2
LF:2
LH:2
BRF:0
BRH:0
end_of_record
TN:
SF:src/app/core/auth/auth.guard.ts
FN:12,(anonymous_0)
FNF:1
FNH:1
FNDA:2,(anonymous_0)
DA:12,1
DA:13,2
DA:14,2
DA:16,2
LF:4
LH:4
BRDA:16,0,0,1
BRDA:16,0,1,1
BRF:2
BRH:2
end_of_record
TN:
SF:src/app/core/auth/auth.service.ts
FN:28,(anonymous_0)
FN:33,(anonymous_1)
FN:38,(anonymous_2)
FN:47,init
FN:58,(anonymous_4)
FN:62,login
FN:66,logout
FN:68,(anonymous_7)
FN:72,claims
FNF:9
FNH:9
FNDA:2,(anonymous_0)
FNDA:3,(anonymous_1)
FNDA:3,(anonymous_2)
FNDA:2,init
FNDA:2,(anonymous_4)
FNDA:1,login
FNDA:1,logout
FNDA:1,(anonymous_7)
FNDA:6,claims
DA:21,7
DA:22,7
DA:23,7
DA:26,7
DA:28,7
DA:29,2
DA:30,2
DA:33,7
DA:34,3
DA:35,3
DA:38,7
DA:39,3
DA:40,3
DA:50,2
DA:51,2
DA:52,2
DA:53,2
DA:58,2
DA:63,1
DA:67,1
DA:68,1
DA:73,6
DA:74,6
DA:75,2
DA:78,4
DA:79,4
DA:80,2
DA:83,2
DA:84,2
DA:85,2
DA:88,0
LF:31
LH:30
BRDA:35,0,0,3
BRDA:35,0,1,2
BRDA:40,1,0,3
BRDA:40,1,1,2
BRDA:74,2,0,2
BRDA:74,2,1,4
BRDA:79,3,0,2
BRDA:79,3,1,2
BRDA:21,4,0,6
BRDA:21,4,1,6
BRDA:21,5,0,1
BRDA:21,5,1,1
BRDA:21,5,2,1
BRF:13
BRH:13
end_of_record
TN:
SF:src/app/core/config/config.service.ts
FN:25,config
FN:34,load
FNF:2
FNH:2
FNDA:32,config
FNDA:5,load
DA:15,35
DA:16,35
DA:22,35
DA:26,32
DA:35,5
DA:36,5
DA:37,2
DA:38,1
DA:40,1
DA:42,1
LF:10
LH:10
BRDA:37,0,0,1
BRDA:37,0,1,1
BRDA:15,1,0,32
BRDA:15,1,1,32
BRDA:15,2,0,3
BRDA:15,2,1,3
BRDA:15,2,2,3
BRF:7
BRH:7
end_of_record
TN:
SF:src/app/core/i18n/dictionary.ts
FNF:0
FNH:0
DA:92,3
DA:167,3
DA:241,3
LF:3
LH:3
BRF:0
BRH:0
end_of_record
TN:
SF:src/app/core/i18n/i18n.service.ts
FN:32,(anonymous_0)
FN:34,use
FN:44,toggle
FN:56,initialLanguage
FNF:4
FNH:4
FNDA:28,(anonymous_0)
FNDA:31,use
FNDA:2,toggle
FNDA:28,initialLanguage
DA:6,3
DA:25,31
DA:26,31
DA:29,31
DA:32,31
DA:35,31
DA:36,31
DA:37,31
DA:45,2
DA:57,28
DA:58,28
DA:59,28
DA:60,18
DA:65,10
DA:66,28
LF:15
LH:15
BRDA:45,0,0,1
BRDA:45,0,1,1
BRDA:25,1,0,28
BRDA:25,1,1,28
BRDA:25,2,0,3
BRDA:25,2,1,3
BRDA:25,2,2,3
BRDA:59,3,0,18
BRDA:59,3,1,10
BRDA:59,4,0,28
BRDA:59,4,1,12
BRDA:65,5,0,0
BRDA:65,5,1,10
BRDA:65,6,0,10
BRDA:65,6,1,0
BRDA:66,7,0,10
BRDA:66,7,1,0
BRF:17
BRH:14
end_of_record
TN:
SF:src/app/features/home/home.html
FN:34,Home_Template_button_click_18_listener
FNF:1
FNH:1
FNDA:1,Home_Template_button_click_18_listener
DA:1,4
DA:3,4
DA:4,4
DA:5,4
DA:7,4
DA:8,4
DA:9,4
DA:10,4
DA:11,4
DA:12,4
DA:14,4
DA:16,0
DA:18,4
DA:21,4
DA:22,4
DA:23,4
DA:24,3
DA:25,3
DA:26,3
DA:28,1
DA:30,0
DA:32,4
DA:34,4
LF:23
LH:21
BRDA:9,0,0,4
BRDA:9,0,1,0
BRDA:23,1,0,4
BRDA:23,1,1,1
BRF:4
BRH:3
end_of_record
TN:
SF:src/app/features/home/home.ts
FN:36,constructor
FN:38,(anonymous_1)
FN:40,(anonymous_2)
FN:44,signOut
FN:25,template
FNF:5
FNH:5
FNDA:4,constructor
FNDA:3,(anonymous_1)
FNDA:1,(anonymous_2)
FNDA:1,signOut
FNDA:1,template
DA:25,8
DA:26,1
DA:27,1
DA:28,1
DA:30,1
DA:31,1
DA:33,1
DA:34,1
DA:37,4
DA:38,3
DA:40,1
DA:45,1
LF:12
LH:12
BRDA:25,0,0,4
BRDA:25,0,1,4
BRDA:25,1,0,4
BRDA:25,1,1,4
BRDA:25,2,0,1
BRDA:25,2,1,1
BRDA:25,2,2,1
BRDA:25,3,0,1
BRDA:25,3,1,1
BRDA:25,3,2,1
BRF:10
BRH:10
end_of_record
TN:
SF:src/app/features/login/login.html
FN:8,Login_Template_button_click_4_listener
FNF:1
FNH:1
FNDA:1,Login_Template_button_click_4_listener
DA:1,2
DA:3,2
DA:4,2
DA:6,2
DA:8,2
LF:5
LH:5
BRF:0
BRH:0
end_of_record
TN:
SF:src/app/features/login/login.ts
FN:21,constructor
FN:23,(anonymous_1)
FN:30,signIn
FN:17,template
FNF:4
FNH:4
FNDA:2,constructor
FNDA:2,(anonymous_1)
FNDA:1,signIn
FNDA:1,template
DA:17,4
DA:18,1
DA:19,1
DA:23,2
DA:24,2
DA:25,1
DA:31,1
LF:7
LH:7
BRDA:24,0,0,1
BRDA:24,0,1,1
BRDA:17,1,0,2
BRDA:17,1,1,2
BRDA:17,2,0,2
BRDA:17,2,1,2
BRDA:17,3,0,1
BRDA:17,3,1,1
BRDA:17,3,2,1
BRDA:17,4,0,1
BRDA:17,4,1,1
BRDA:17,4,2,1
BRF:12
BRH:12
end_of_record
TN:
SF:src/app/features/search/search.html
FN:3,Search_Template_form_ngSubmit_2_listener
FN:10,Search_Template_select_ngModelChange_6_listener
FN:34,Search_Template_textarea_ngModelChange_15_listener
FNF:3
FNH:3
FNDA:12,Search_Template_form_ngSubmit_2_listener
FNDA:10,Search_Template_select_ngModelChange_6_listener
FNDA:11,Search_Template_textarea_ngModelChange_15_listener
DA:1,62
DA:3,12
DA:4,12
DA:5,62
DA:6,12
DA:9,62
DA:10,12
DA:13,62
DA:14,62
DA:15,59
DA:17,12
DA:18,12
DA:20,62
DA:21,1
DA:22,3
DA:23,1
DA:26,12
DA:27,62
DA:28,12
DA:32,62
DA:33,62
DA:34,12
DA:36,12
DA:37,12
DA:41,62
DA:42,62
DA:43,12
DA:45,62
DA:46,1
DA:48,0
DA:50,12
DA:52,62
DA:55,1
DA:56,1
DA:57,2
DA:58,2
DA:62,62
DA:63,3
DA:64,3
DA:65,3
DA:66,1
DA:69,1
DA:72,1
DA:75,0
DA:78,0
DA:81,3
DA:84,62
DA:85,9
DA:88,5
DA:89,6
DA:90,6
DA:94,6
DA:95,6
DA:96,24
DA:97,10
DA:99,12
DA:104,12
DA:107,12
DA:110,5
DA:112,6
DA:113,5
DA:114,6
DA:115,5
DA:116,6
DA:117,5
DA:120,6
DA:125,6
DA:127,5
DA:128,6
DA:129,6
DA:131,6
DA:132,6
DA:134,6
DA:139,5
DA:144,3
DA:145,3
DA:146,3
DA:148,3
DA:149,3
DA:150,3
DA:151,9
DA:153,3
LF:82
LH:79
BRDA:64,0,0,2
BRDA:64,0,1,2
BRDA:64,1,0,1
BRDA:64,1,1,1
BRDA:64,2,0,0
BRDA:64,2,1,0
BRDA:96,3,0,36
BRDA:96,3,1,24
BRDA:128,4,0,6
BRDA:128,4,1,0
BRDA:131,5,0,6
BRDA:131,5,1,0
BRDA:85,6,0,6
BRDA:85,6,1,3
BRDA:20,7,0,3
BRDA:20,7,1,59
BRDA:42,8,0,2
BRDA:42,8,1,60
BRDA:45,9,0,1
BRDA:45,9,1,122
BRDA:52,10,0,2
BRDA:52,10,1,60
BRDA:62,11,0,3
BRDA:62,11,1,59
BRDA:84,12,0,9
BRDA:84,12,1,53
BRF:26
BRH:22
end_of_record
TN:
SF:src/app/features/search/search.ts
FN:61,(anonymous_0)
FN:67,(anonymous_1)
FN:74,(anonymous_2)
FN:75,(anonymous_3)
FN:78,constructor
FN:80,(anonymous_5)
FN:83,(anonymous_6)
FN:87,ask
FN:109,(anonymous_8)
FN:113,(anonymous_9)
FN:120,documentUrl
FN:125,similarityPercent
FN:39,template
FN:138,toSegments
FN:139,(anonymous_14)
FNF:15
FNH:15
FNDA:5,(anonymous_0)
FNDA:3,(anonymous_1)
FNDA:9,(anonymous_2)
FNDA:9,(anonymous_3)
FNDA:12,constructor
FNDA:11,(anonymous_5)
FNDA:1,(anonymous_6)
FNDA:12,ask
FNDA:8,(anonymous_8)
FNDA:3,(anonymous_9)
FNDA:18,documentUrl
FNDA:6,similarityPercent
FNDA:1,template
FNDA:8,toSegments
FNDA:8,(anonymous_14)
DA:39,74
DA:40,1
DA:41,1
DA:43,1
DA:45,1
DA:46,1
DA:47,1
DA:48,1
DA:50,1
DA:51,1
DA:52,1
DA:53,1
DA:61,1
DA:62,5
DA:63,5
DA:67,1
DA:68,3
DA:69,3
DA:70,0
DA:72,3
DA:74,9
DA:75,9
DA:79,12
DA:80,11
DA:83,1
DA:88,12
DA:89,0
DA:91,12
DA:92,12
DA:93,1
DA:94,1
DA:96,11
DA:97,0
DA:98,0
DA:101,11
DA:102,11
DA:105,11
DA:106,11
DA:108,11
DA:110,8
DA:111,8
DA:114,3
DA:115,3
DA:121,18
DA:126,6
DA:139,8
DA:140,8
DA:141,8
DA:142,8
DA:144,8
DA:145,12
DA:146,12
DA:148,12
DA:149,12
DA:154,12
DA:157,8
DA:158,3
DA:160,8
LF:58
LH:54
BRDA:63,0,0,5
BRDA:63,0,1,0
BRDA:63,1,0,5
BRDA:63,1,1,5
BRDA:69,2,0,0
BRDA:69,2,1,3
BRDA:69,3,0,3
BRDA:69,3,1,3
BRDA:88,4,0,0
BRDA:88,4,1,12
BRDA:92,5,0,1
BRDA:92,5,1,11
BRDA:96,6,0,0
BRDA:96,6,1,11
BRDA:39,7,0,12
BRDA:39,7,1,12
BRDA:39,8,0,12
BRDA:39,8,1,62
BRDA:39,9,0,1
BRDA:39,9,1,1
BRDA:39,9,2,1
BRDA:39,10,0,1
BRDA:39,10,1,1
BRDA:39,10,2,1
BRDA:145,11,0,12
BRDA:145,11,1,0
BRDA:150,12,0,11
BRDA:150,12,1,1
BRDA:157,13,0,3
BRDA:157,13,1,5
BRF:30
BRH:25
end_of_record
TN:
SF:src/app/features/upload/upload.html
FN:4,Upload_Template_form_ngSubmit_4_listener
FN:7,Upload_Template_input_change_8_listener
FN:16,Upload_Template_select_ngModelChange_12_listener
FN:27,Upload_Template_select_ngModelChange_20_listener
FN:37,Upload_Template_input_ngModelChange_30_listener
FN:48,Upload_Template_input_ngModelChange_36_listener
FN:54,Upload_Template_select_ngModelChange_40_listener
FN:91,Upload_Template_button_click_53_listener
FNF:8
FNH:2
FNDA:2,Upload_Template_form_ngSubmit_4_listener
FNDA:0,Upload_Template_input_change_8_listener
FNDA:0,Upload_Template_select_ngModelChange_12_listener
FNDA:0,Upload_Template_select_ngModelChange_20_listener
FNDA:0,Upload_Template_input_ngModelChange_30_listener
FNDA:0,Upload_Template_input_ngModelChange_36_listener
FNDA:0,Upload_Template_select_ngModelChange_40_listener
FNDA:1,Upload_Template_button_click_53_listener
DA:1,25
DA:2,25
DA:4,6
DA:5,6
DA:6,25
DA:7,6
DA:10,6
DA:11,25
DA:12,6
DA:15,25
DA:16,6
DA:18,25
DA:19,25
DA:20,25
DA:22,6
DA:23,6
DA:25,6
DA:26,25
DA:27,25
DA:28,25
DA:29,25
DA:31,6
DA:33,6
DA:35,25
DA:37,25
DA:38,6
DA:40,6
DA:42,25
DA:44,6
DA:47,25
DA:48,6
DA:50,6
DA:52,6
DA:53,25
DA:54,25
DA:55,6
DA:56,6
DA:58,6
DA:60,25
DA:61,25
DA:62,6
DA:65,25
DA:67,1
DA:68,1
DA:69,1
DA:72,25
DA:73,1
DA:74,1
DA:75,1
DA:76,1
DA:79,0
DA:82,0
DA:85,1
DA:88,6
DA:90,25
DA:91,25
DA:92,25
DA:93,6
DA:95,25
DA:97,25
DA:98,5
DA:101,22
DA:102,22
DA:103,22
DA:106,5
DA:107,22
DA:108,10
DA:110,44
DA:111,44
DA:112,10
DA:113,10
DA:114,44
DA:116,10
DA:117,44
DA:120,22
DA:122,10
DA:123,44
DA:126,5
DA:129,3
DA:131,6
LF:80
LH:78
BRDA:74,0,0,1
BRDA:74,0,1,0
BRDA:74,1,0,0
BRDA:74,1,1,0
BRDA:117,2,0,22
BRDA:117,2,1,22
BRDA:60,3,0,25
BRDA:60,3,1,25
BRDA:60,3,2,5
BRDA:61,4,0,0
BRDA:61,4,1,25
BRDA:65,5,0,1
BRDA:65,5,1,24
BRDA:72,6,0,1
BRDA:72,6,1,24
BRDA:97,7,0,22
BRDA:97,7,1,3
BRF:17
BRH:13
end_of_record
TN:
SF:src/app/features/upload/upload.ts
FN:48,constructor
FN:49,(anonymous_1)
FN:53,pickFile
FN:58,submit
FN:82,(anonymous_4)
FN:92,(anonymous_5)
FN:107,refresh
FN:110,(anonymous_7)
FN:114,(anonymous_8)
FN:121,statusLabel
FN:134,shortDate
FN:27,template
FNF:12
FNH:10
FNDA:6,constructor
FNDA:6,(anonymous_1)
FNDA:0,pickFile
FNDA:2,submit
FNDA:1,(anonymous_4)
FNDA:1,(anonymous_5)
FNDA:8,refresh
FNDA:8,(anonymous_7)
FNDA:0,(anonymous_8)
FNDA:44,statusLabel
FNDA:44,shortDate
FNDA:1,template
DA:27,31
DA:28,1
DA:29,1
DA:31,1
DA:33,1
DA:34,1
DA:36,1
DA:37,1
DA:38,1
DA:39,1
DA:40,1
DA:41,1
DA:43,1
DA:44,1
DA:45,1
DA:46,1
DA:49,6
DA:50,6
DA:54,0
DA:55,0
DA:59,2
DA:60,2
DA:61,0
DA:64,2
DA:65,2
DA:66,2
DA:68,2
DA:69,2
DA:71,2
DA:72,2
DA:73,2
DA:74,2
DA:75,0
DA:77,2
DA:78,0
DA:81,2
DA:83,1
DA:84,1
DA:85,1
DA:86,1
DA:87,1
DA:90,1
DA:93,1
DA:94,1
DA:108,8
DA:109,8
DA:111,8
DA:112,8
DA:115,0
DA:116,0
DA:122,44
DA:123,44
DA:125,22
DA:127,22
DA:129,0
DA:135,44
DA:136,44
LF:57
LH:49
BRDA:55,0,0,0
BRDA:55,0,1,0
BRDA:60,1,0,0
BRDA:60,1,1,2
BRDA:60,2,0,2
BRDA:60,2,1,2
BRDA:60,2,2,2
BRDA:74,3,0,0
BRDA:74,3,1,2
BRDA:77,4,0,0
BRDA:77,4,1,2
BRDA:123,5,0,22
BRDA:123,5,1,22
BRDA:123,5,2,0
BRDA:136,6,0,0
BRDA:136,6,1,44
BRDA:27,7,0,6
BRDA:27,7,1,6
BRDA:27,8,0,6
BRDA:27,8,1,25
BRDA:27,9,0,1
BRDA:27,9,1,1
BRDA:27,9,2,1
BRDA:27,10,0,1
BRDA:27,10,1,1
BRDA:27,10,2,1
BRF:26
BRH:19
end_of_record
TN:
SF:src/environments/environment.ts
FNF:0
FNH:0
DA:7,3
LF:1
LH:1
BRF:0
BRH:0
end_of_record
