TN:
SF:src/app/app.html
FN:94,App_Conditional_29_Template_button_click_4_listener
FN:45,App_Template_button_click_18_listener
FN:63,App_Template_button_click_25_listener
FN:72,App_Template_button_click_27_listener
FN:129,App_Template_app_help_dialog_closed_43_listener
FN:135,App_Template_app_dialog_closed_44_listener
FN:143,App_Template_button_click_48_listener
FN:151,App_Template_button_click_50_listener
FNF:8
FNH:6
FNDA:3,App_Conditional_29_Template_button_click_4_listener
FNDA:1,App_Template_button_click_18_listener
FNDA:0,App_Template_button_click_25_listener
FNDA:1,App_Template_button_click_27_listener
FNDA:0,App_Template_app_help_dialog_closed_43_listener
FNDA:1,App_Template_app_dialog_closed_44_listener
FNDA:1,App_Template_button_click_48_listener
FNDA:1,App_Template_button_click_50_listener
DA:3,14
DA:8,14
DA:9,14
DA:16,14
DA:17,14
DA:18,22
DA:19,22
DA:23,22
DA:24,12
DA:25,19
DA:27,12
DA:28,19
DA:29,2
DA:31,2
DA:33,12
DA:36,14
DA:43,22
DA:45,14
DA:47,14
DA:48,14
DA:51,14
DA:52,22
DA:53,14
DA:57,22
DA:61,22
DA:63,14
DA:65,14
DA:66,14
DA:67,14
DA:70,22
DA:72,14
DA:74,14
DA:75,14
DA:78,22
DA:79,12
DA:80,19
DA:81,19
DA:82,19
DA:84,12
DA:88,12
DA:92,19
DA:94,3
DA:96,19
DA:97,12
DA:99,14
DA:103,22
DA:104,14
DA:105,14
DA:107,22
DA:110,22
DA:111,22
DA:113,14
DA:114,22
DA:116,14
DA:117,14
DA:118,22
DA:122,22
DA:125,22
DA:129,22
DA:131,14
DA:132,22
DA:135,14
DA:137,22
DA:138,14
DA:143,14
DA:145,22
DA:146,14
DA:147,14
DA:151,14
DA:153,22
DA:154,14
LF:71
LH:71
BRDA:28,0,0,2
BRDA:28,0,1,17
BRDA:81,1,0,19
BRDA:81,1,1,0
BRDA:23,2,0,19
BRDA:23,2,1,3
BRDA:78,3,0,19
BRDA:78,3,1,3
BRF:8
BRH:7
end_of_record
TN:
SF:src/app/app.ts
FN:50,(anonymous_0)
FN:51,(anonymous_1)
FN:52,(anonymous_2)
FN:63,(anonymous_3)
FN:64,(anonymous_4)
FN:67,use
FN:78,confirmSignOut
FN:27,template
FNF:8
FNH:8
FNDA:13,(anonymous_0)
FNDA:15,(anonymous_1)
FNDA:43,(anonymous_2)
FNDA:12,(anonymous_3)
FNDA:14,(anonymous_4)
FNDA:1,use
FNDA:1,confirmSignOut
FNDA:1,template
DA:11,1
DA:12,1
DA:13,1
DA:16,1
DA:27,36
DA:28,1
DA:29,1
DA:31,1
DA:32,1
DA:33,1
DA:34,1
DA:36,1
DA:37,1
DA:38,1
DA:40,1
DA:41,1
DA:50,1
DA:51,15
DA:52,43
DA:53,13
DA:63,1
DA:64,14
DA:68,1
DA:79,1
DA:80,1
LF:25
LH:25
BRDA:53,0,0,13
BRDA:53,0,1,0
BRDA:27,1,0,14
BRDA:27,1,1,14
BRDA:27,2,0,14
BRDA:27,2,1,22
BRDA:27,3,0,1
BRDA:27,3,1,1
BRDA:27,3,2,1
BRDA:27,4,0,1
BRDA:27,4,1,1
BRDA:27,4,2,1
BRF:12
BRH:11
end_of_record
TN:
SF:src/app/core/api/maintenance-api.service.ts
FN:22,machines
FN:33,ask
FN:51,getDocument
FN:59,myUploads
FN:64,upload
FN:95,classify
FN:121,reasonOf
FNF:7
FNH:7
FNDA:22,machines
FNDA:15,ask
FNDA:14,getDocument
FNDA:8,myUploads
FNDA:2,upload
FNDA:5,classify
FNDA:2,reasonOf
DA:17,35
DA:18,35
DA:19,35
DA:23,22
DA:34,15
DA:52,14
DA:60,8
DA:65,2
DA:96,5
DA:97,0
DA:99,5
DA:101,1
DA:103,2
DA:105,1
DA:110,1
DA:114,0
DA:116,0
DA:122,2
DA:123,2
DA:124,2
DA:125,2
DA:127,0
LF:22
LH:18
BRDA:17,0,0,32
BRDA:17,0,1,32
BRDA:17,1,0,3
BRDA:17,1,1,3
BRDA:17,1,2,3
BRDA:96,2,0,0
BRDA:96,2,1,5
BRDA:99,3,0,1
BRDA:99,3,1,2
BRDA:99,3,2,1
BRDA:99,3,3,1
BRDA:99,3,4,0
BRDA:99,3,5,0
BRDA:99,3,6,0
BRDA:99,3,7,0
BRDA:103,4,0,1
BRDA:103,4,1,1
BRDA:123,5,0,2
BRDA:123,5,1,0
BRDA:123,6,0,2
BRDA:123,6,1,2
BRDA:123,6,2,2
BRDA:125,7,0,2
BRDA:125,7,1,0
BRF:24
BRH:17
end_of_record
TN:
SF:src/app/core/auth/auth.config.ts
FN:16,buildAuthConfig
FNF:1
FNH:1
FNDA:2,buildAuthConfig
DA:17,2
DA:19,2
LF:2
LH:2
BRF:0
BRH:0
end_of_record
TN:
SF:src/app/core/auth/auth.guard.ts
FN:12,(anonymous_0)
FNF:1
FNH:1
FNDA:2,(anonymous_0)
DA:12,1
DA:13,2
DA:14,2
DA:16,2
LF:4
LH:4
BRDA:16,0,0,1
BRDA:16,0,1,1
BRF:2
BRH:2
end_of_record
TN:
SF:src/app/core/auth/auth.service.ts
FN:39,(anonymous_0)
FN:44,(anonymous_1)
FN:49,(anonymous_2)
FN:58,init
FN:69,(anonymous_4)
FN:80,login
FN:84,logout
FN:87,(anonymous_7)
FN:96,consumeSignedOutNotice
FN:107,rememberSignOut
FN:116,claims
FNF:11
FNH:11
FNDA:2,(anonymous_0)
FNDA:3,(anonymous_1)
FNDA:3,(anonymous_2)
FNDA:2,init
FNDA:2,(anonymous_4)
FNDA:2,login
FNDA:2,logout
FNDA:2,(anonymous_7)
FNDA:3,consumeSignedOutNotice
FNDA:2,rememberSignOut
FNDA:6,claims
DA:16,2
DA:32,11
DA:33,11
DA:34,11
DA:37,11
DA:39,11
DA:40,2
DA:41,2
DA:44,11
DA:45,3
DA:46,3
DA:49,11
DA:50,3
DA:51,3
DA:61,2
DA:62,2
DA:63,2
DA:64,2
DA:69,2
DA:81,2
DA:85,2
DA:86,2
DA:87,2
DA:97,3
DA:98,3
DA:99,3
DA:100,3
DA:103,0
DA:108,2
DA:109,2
DA:117,6
DA:118,6
DA:119,2
DA:122,4
DA:123,4
DA:124,2
DA:127,2
DA:128,2
DA:129,2
DA:132,0
LF:40
LH:38
BRDA:46,0,0,3
BRDA:46,0,1,2
BRDA:51,1,0,3
BRDA:51,1,1,2
BRDA:81,2,0,1
BRDA:81,2,1,1
BRDA:118,3,0,2
BRDA:118,3,1,4
BRDA:123,4,0,2
BRDA:123,4,1,2
BRDA:32,5,0,9
BRDA:32,5,1,9
BRDA:32,6,0,2
BRDA:32,6,1,2
BRDA:32,6,2,2
BRF:15
BRH:15
end_of_record
TN:
SF:src/app/core/config/config.service.ts
FN:25,config
FN:34,load
FNF:2
FNH:2
FNDA:42,config
FNDA:5,load
DA:15,48
DA:16,48
DA:22,48
DA:26,42
DA:35,5
DA:36,5
DA:37,2
DA:38,1
DA:40,1
DA:42,1
LF:10
LH:10
BRDA:37,0,0,1
BRDA:37,0,1,1
BRDA:15,1,0,45
BRDA:15,1,1,45
BRDA:15,2,0,3
BRDA:15,2,1,3
BRDA:15,2,2,3
BRF:7
BRH:7
end_of_record
TN:
SF:src/app/core/i18n/dictionary.ts
FN:240,(anonymous_0)
FN:422,(anonymous_1)
FNF:2
FNH:2
FNDA:44,(anonymous_0)
FNDA:4,(anonymous_1)
DA:186,3
DA:240,44
DA:368,3
DA:422,4
DA:552,3
LF:5
LH:5
BRF:0
BRH:0
end_of_record
TN:
SF:src/app/core/i18n/i18n.service.ts
FN:32,(anonymous_0)
FN:34,use
FN:44,toggle
FN:56,initialLanguage
FNF:4
FNH:4
FNDA:68,(anonymous_0)
FNDA:71,use
FNDA:2,toggle
FNDA:68,initialLanguage
DA:6,3
DA:25,71
DA:26,71
DA:29,71
DA:32,71
DA:35,71
DA:36,71
DA:37,71
DA:45,2
DA:57,68
DA:58,68
DA:59,68
DA:60,23
DA:65,45
DA:66,68
LF:15
LH:15
BRDA:45,0,0,1
BRDA:45,0,1,1
BRDA:25,1,0,68
BRDA:25,1,1,68
BRDA:25,2,0,3
BRDA:25,2,1,3
BRDA:25,2,2,3
BRDA:59,3,0,23
BRDA:59,3,1,45
BRDA:59,4,0,68
BRDA:59,4,1,47
BRDA:65,5,0,0
BRDA:65,5,1,45
BRDA:65,6,0,45
BRDA:65,6,1,0
BRDA:66,7,0,45
BRDA:66,7,1,0
BRF:17
BRH:14
end_of_record
TN:
SF:src/app/features/landing/landing.html
FN:12,Landing_Conditional_1_Template_button_click_3_listener
FN:96,Landing_For_64_Template_button_click_1_listener
FN:30,Landing_Template_button_click_12_listener
FN:111,Landing_Template_button_click_69_listener
FNF:4
FNH:4
FNDA:1,Landing_Conditional_1_Template_button_click_3_listener
FNDA:1,Landing_For_64_Template_button_click_1_listener
FNDA:1,Landing_Template_button_click_12_listener
FNDA:1,Landing_Template_button_click_69_listener
DA:1,11
DA:2,12
DA:5,1
DA:6,1
DA:7,1
DA:11,1
DA:12,1
DA:14,1
DA:15,1
DA:19,11
DA:21,12
DA:22,12
DA:23,12
DA:24,12
DA:26,11
DA:30,11
DA:32,12
DA:33,11
DA:34,12
DA:40,11
DA:41,11
DA:45,12
DA:46,11
DA:47,12
DA:48,11
DA:49,12
DA:50,11
DA:51,12
DA:52,11
DA:57,11
DA:58,12
DA:59,11
DA:61,12
DA:62,12
DA:64,11
DA:65,12
DA:66,12
DA:68,11
DA:69,12
DA:70,12
DA:75,11
DA:76,12
DA:77,12
DA:82,12
DA:84,11
DA:86,12
DA:87,44
DA:95,48
DA:96,1
DA:98,48
DA:99,44
DA:100,48
DA:103,11
DA:105,11
DA:106,12
DA:107,12
DA:111,11
DA:112,12
DA:113,11
DA:116,11
DA:117,12
DA:118,12
DA:119,11
DA:120,12
DA:121,33
DA:123,36
DA:127,36
DA:128,36
DA:131,11
LF:69
LH:69
BRDA:2,0,0,1
BRDA:2,0,1,11
BRF:2
BRH:2
end_of_record
TN:
SF:src/app/features/landing/landing.ts
FN:23,(anonymous_0)
FN:24,(anonymous_1)
FN:25,(anonymous_2)
FN:26,(anonymous_3)
FN:57,constructor
FN:63,(anonymous_5)
FN:78,signIn
FN:45,template
FNF:8
FNH:8
FNDA:12,(anonymous_0)
FNDA:12,(anonymous_1)
FNDA:12,(anonymous_2)
FNDA:12,(anonymous_3)
FNDA:11,constructor
FNDA:11,(anonymous_5)
FNDA:3,signIn
FNDA:1,template
DA:9,1
DA:22,1
DA:23,12
DA:24,12
DA:25,12
DA:26,12
DA:45,23
DA:46,1
DA:47,1
DA:48,1
DA:50,1
DA:51,1
DA:52,1
DA:55,1
DA:60,11
DA:63,11
DA:64,11
DA:65,1
DA:79,3
LF:19
LH:19
BRDA:64,0,0,1
BRDA:64,0,1,10
BRDA:45,1,0,11
BRDA:45,1,1,11
BRDA:45,2,0,11
BRDA:45,2,1,12
BRDA:45,3,0,1
BRDA:45,3,1,1
BRDA:45,3,2,1
BRDA:45,4,0,1
BRDA:45,4,1,1
BRDA:45,4,2,1
BRF:12
BRH:12
end_of_record
TN:
SF:src/app/features/search/search.html
FN:123,Search_Conditional_24_Conditional_0_For_10_Conditional_0_Template_a_click_0_listener
FN:123,Search_Conditional_24_Conditional_0_For_10_Conditional_0_Template_a_keydown_enter_0_listener
FN:124,Search_Conditional_24_Conditional_0_For_10_Conditional_0_Template_a_keydown_space_0_listener
FN:148,Search_Conditional_24_Conditional_0_For_15_Template_a_click_4_listener
FN:148,Search_Conditional_24_Conditional_0_For_15_Template_a_keydown_enter_4_listener
FN:149,Search_Conditional_24_Conditional_0_For_15_Template_a_keydown_space_4_listener
FN:4,Search_Template_form_ngSubmit_3_listener
FN:11,Search_Template_select_ngModelChange_7_listener
FN:35,Search_Template_textarea_ngModelChange_16_listener
FN:200,Search_Template_app_protocol_dialog_closed_25_listener
FNF:10
FNH:5
FNDA:1,Search_Conditional_24_Conditional_0_For_10_Conditional_0_Template_a_click_0_listener
FNDA:0,Search_Conditional_24_Conditional_0_For_10_Conditional_0_Template_a_keydown_enter_0_listener
FNDA:0,Search_Conditional_24_Conditional_0_For_10_Conditional_0_Template_a_keydown_space_0_listener
FNDA:2,Search_Conditional_24_Conditional_0_For_15_Template_a_click_4_listener
FNDA:0,Search_Conditional_24_Conditional_0_For_15_Template_a_keydown_enter_4_listener
FNDA:0,Search_Conditional_24_Conditional_0_For_15_Template_a_keydown_space_4_listener
FNDA:16,Search_Template_form_ngSubmit_3_listener
FNDA:14,Search_Template_select_ngModelChange_7_listener
FNDA:15,Search_Template_textarea_ngModelChange_16_listener
FNDA:0,Search_Template_app_protocol_dialog_closed_25_listener
DA:1,16
DA:2,85
DA:4,16
DA:5,16
DA:6,85
DA:7,16
DA:10,85
DA:11,16
DA:14,85
DA:15,85
DA:16,82
DA:18,16
DA:19,16
DA:21,85
DA:22,1
DA:23,3
DA:24,1
DA:27,16
DA:28,85
DA:29,16
DA:33,85
DA:34,85
DA:35,16
DA:37,16
DA:38,16
DA:40,16
DA:47,85
DA:50,85
DA:51,16
DA:54,85
DA:55,1
DA:57,0
DA:59,16
DA:61,85
DA:64,1
DA:65,1
DA:66,2
DA:67,2
DA:71,85
DA:72,3
DA:73,3
DA:74,3
DA:75,1
DA:78,1
DA:81,1
DA:84,0
DA:87,0
DA:90,3
DA:93,85
DA:94,16
DA:97,9
DA:99,9
DA:100,9
DA:102,9
DA:103,13
DA:104,9
DA:105,13
DA:109,13
DA:110,13
DA:111,52
DA:116,18
DA:121,26
DA:123,18
DA:124,0
DA:126,26
DA:129,26
DA:132,9
DA:134,13
DA:135,9
DA:136,13
DA:137,9
DA:138,13
DA:139,9
DA:146,13
DA:148,9
DA:149,0
DA:151,13
DA:153,9
DA:154,13
DA:155,13
DA:157,13
DA:158,13
DA:160,9
DA:161,13
DA:167,9
DA:172,3
DA:174,3
DA:175,3
DA:178,3
DA:179,3
DA:180,3
DA:181,3
DA:183,3
DA:184,3
DA:185,3
DA:186,9
DA:188,3
DA:196,16
DA:197,85
DA:200,16
LF:100
LH:95
BRDA:73,0,0,2
BRDA:73,0,1,2
BRDA:73,1,0,1
BRDA:73,1,1,1
BRDA:73,2,0,0
BRDA:73,2,1,0
BRDA:111,3,0,78
BRDA:111,3,1,52
BRDA:154,4,0,13
BRDA:154,4,1,0
BRDA:157,5,0,13
BRDA:157,5,1,0
BRDA:94,6,0,13
BRDA:94,6,1,3
BRDA:21,7,0,3
BRDA:21,7,1,82
BRDA:50,8,0,2
BRDA:50,8,1,83
BRDA:54,9,0,1
BRDA:54,9,1,168
BRDA:61,10,0,2
BRDA:61,10,1,83
BRDA:71,11,0,3
BRDA:71,11,1,82
BRDA:93,12,0,16
BRDA:93,12,1,69
BRDA:197,13,0,85
BRDA:197,13,1,82
BRDA:197,14,0,85
BRDA:197,14,1,82
BRF:30
BRH:26
end_of_record
TN:
SF:src/app/features/search/search.ts
FN:60,(anonymous_0)
FN:61,(anonymous_1)
FN:71,(anonymous_2)
FN:77,(anonymous_3)
FN:84,(anonymous_4)
FN:85,(anonymous_5)
FN:88,constructor
FN:90,(anonymous_7)
FN:93,(anonymous_8)
FN:97,ask
FN:119,(anonymous_10)
FN:123,(anonymous_11)
FN:147,openSource
FN:153,similarityPercent
FN:40,template
FN:166,toSegments
FN:167,(anonymous_16)
FNF:17
FNH:17
FNDA:30,(anonymous_0)
FNDA:29,(anonymous_1)
FNDA:9,(anonymous_2)
FNDA:3,(anonymous_3)
FNDA:9,(anonymous_4)
FNDA:9,(anonymous_5)
FNDA:16,constructor
FNDA:15,(anonymous_7)
FNDA:1,(anonymous_8)
FNDA:16,ask
FNDA:12,(anonymous_10)
FNDA:3,(anonymous_11)
FNDA:3,openSource
FNDA:13,similarityPercent
FNDA:1,template
FNDA:12,toSegments
FNDA:12,(anonymous_16)
DA:40,101
DA:41,1
DA:42,1
DA:44,1
DA:46,1
DA:47,1
DA:48,1
DA:49,1
DA:51,1
DA:52,1
DA:53,1
DA:54,1
DA:57,1
DA:60,1
DA:61,30
DA:62,30
DA:71,1
DA:72,9
DA:73,9
DA:77,1
DA:78,3
DA:79,3
DA:80,0
DA:82,3
DA:84,9
DA:85,9
DA:89,16
DA:90,15
DA:93,1
DA:98,16
DA:99,0
DA:101,16
DA:102,16
DA:103,1
DA:104,1
DA:106,15
DA:107,0
DA:108,0
DA:111,15
DA:112,15
DA:115,15
DA:116,15
DA:118,15
DA:120,12
DA:121,12
DA:124,3
DA:125,3
DA:148,3
DA:149,3
DA:154,13
DA:167,12
DA:168,12
DA:169,12
DA:170,12
DA:172,12
DA:173,20
DA:174,20
DA:176,20
DA:177,20
DA:180,20
DA:183,12
DA:184,3
DA:186,12
LF:63
LH:59
BRDA:62,0,0,14
BRDA:62,0,1,16
BRDA:73,1,0,9
BRDA:73,1,1,0
BRDA:73,2,0,9
BRDA:73,2,1,9
BRDA:79,3,0,0
BRDA:79,3,1,3
BRDA:79,4,0,3
BRDA:79,4,1,3
BRDA:98,5,0,0
BRDA:98,5,1,16
BRDA:102,6,0,1
BRDA:102,6,1,15
BRDA:106,7,0,0
BRDA:106,7,1,15
BRDA:40,8,0,16
BRDA:40,8,1,16
BRDA:40,9,0,16
BRDA:40,9,1,85
BRDA:40,10,0,1
BRDA:40,10,1,1
BRDA:40,10,2,1
BRDA:40,11,0,1
BRDA:40,11,1,1
BRDA:40,11,2,1
BRDA:173,12,0,20
BRDA:173,12,1,0
BRDA:178,13,0,19
BRDA:178,13,1,1
BRDA:183,14,0,3
BRDA:183,14,1,9
BRF:32
BRH:27
end_of_record
TN:
SF:src/app/features/upload/upload.html
FN:5,Upload_Template_form_ngSubmit_5_listener
FN:8,Upload_Template_input_change_9_listener
FN:17,Upload_Template_select_ngModelChange_13_listener
FN:28,Upload_Template_select_ngModelChange_21_listener
FN:38,Upload_Template_input_ngModelChange_31_listener
FN:49,Upload_Template_input_ngModelChange_37_listener
FN:55,Upload_Template_select_ngModelChange_41_listener
FN:103,Upload_Template_button_click_54_listener
FNF:8
FNH:2
FNDA:2,Upload_Template_form_ngSubmit_5_listener
FNDA:0,Upload_Template_input_change_9_listener
FNDA:0,Upload_Template_select_ngModelChange_13_listener
FNDA:0,Upload_Template_select_ngModelChange_21_listener
FNDA:0,Upload_Template_input_ngModelChange_31_listener
FNDA:0,Upload_Template_input_ngModelChange_37_listener
FNDA:0,Upload_Template_select_ngModelChange_41_listener
FNDA:1,Upload_Template_button_click_54_listener
DA:1,6
DA:2,25
DA:3,25
DA:5,6
DA:6,6
DA:7,25
DA:8,6
DA:11,6
DA:12,25
DA:13,6
DA:16,25
DA:17,6
DA:19,25
DA:20,25
DA:21,25
DA:23,6
DA:24,6
DA:26,6
DA:27,25
DA:28,25
DA:29,25
DA:30,25
DA:32,6
DA:34,6
DA:36,25
DA:38,25
DA:39,6
DA:41,6
DA:43,25
DA:45,6
DA:48,25
DA:49,6
DA:51,6
DA:53,6
DA:54,25
DA:55,25
DA:56,6
DA:57,6
DA:59,6
DA:61,6
DA:65,25
DA:68,25
DA:69,6
DA:72,25
DA:74,1
DA:75,1
DA:76,1
DA:79,25
DA:80,1
DA:81,1
DA:82,1
DA:83,1
DA:86,0
DA:89,0
DA:92,1
DA:95,6
DA:97,25
DA:98,6
DA:102,25
DA:103,6
DA:105,25
DA:106,6
DA:108,25
DA:110,25
DA:111,5
DA:114,22
DA:115,22
DA:116,22
DA:119,5
DA:120,22
DA:121,10
DA:123,44
DA:124,44
DA:125,10
DA:126,10
DA:127,44
DA:129,10
DA:130,44
DA:133,22
DA:135,10
DA:136,44
DA:139,5
DA:142,3
DA:144,6
LF:84
LH:82
BRDA:81,0,0,1
BRDA:81,0,1,0
BRDA:81,1,0,0
BRDA:81,1,1,0
BRDA:130,2,0,22
BRDA:130,2,1,22
BRDA:65,3,0,25
BRDA:65,3,1,25
BRDA:65,3,2,5
BRDA:68,4,0,0
BRDA:68,4,1,25
BRDA:72,5,0,1
BRDA:72,5,1,24
BRDA:79,6,0,1
BRDA:79,6,1,24
BRDA:110,7,0,22
BRDA:110,7,1,3
BRF:17
BRH:13
end_of_record
TN:
SF:src/app/features/upload/upload.ts
FN:48,constructor
FN:49,(anonymous_1)
FN:53,pickFile
FN:58,submit
FN:82,(anonymous_4)
FN:92,(anonymous_5)
FN:107,refresh
FN:110,(anonymous_7)
FN:114,(anonymous_8)
FN:121,statusLabel
FN:134,shortDate
FN:27,template
FNF:12
FNH:10
FNDA:6,constructor
FNDA:6,(anonymous_1)
FNDA:0,pickFile
FNDA:2,submit
FNDA:1,(anonymous_4)
FNDA:1,(anonymous_5)
FNDA:8,refresh
FNDA:8,(anonymous_7)
FNDA:0,(anonymous_8)
FNDA:44,statusLabel
FNDA:44,shortDate
FNDA:1,template
DA:27,31
DA:28,1
DA:29,1
DA:31,1
DA:33,1
DA:34,1
DA:36,1
DA:37,1
DA:38,1
DA:39,1
DA:40,1
DA:41,1
DA:43,1
DA:44,1
DA:45,1
DA:46,1
DA:49,6
DA:50,6
DA:54,0
DA:55,0
DA:59,2
DA:60,2
DA:61,0
DA:64,2
DA:65,2
DA:66,2
DA:68,2
DA:69,2
DA:71,2
DA:72,2
DA:73,2
DA:74,2
DA:75,0
DA:77,2
DA:78,0
DA:81,2
DA:83,1
DA:84,1
DA:85,1
DA:86,1
DA:87,1
DA:90,1
DA:93,1
DA:94,1
DA:108,8
DA:109,8
DA:111,8
DA:112,8
DA:115,0
DA:116,0
DA:122,44
DA:123,44
DA:125,22
DA:127,22
DA:129,0
DA:135,44
DA:136,44
LF:57
LH:49
BRDA:55,0,0,0
BRDA:55,0,1,0
BRDA:60,1,0,0
BRDA:60,1,1,2
BRDA:60,2,0,2
BRDA:60,2,1,2
BRDA:60,2,2,2
BRDA:74,3,0,0
BRDA:74,3,1,2
BRDA:77,4,0,0
BRDA:77,4,1,2
BRDA:123,5,0,22
BRDA:123,5,1,22
BRDA:123,5,2,0
BRDA:136,6,0,0
BRDA:136,6,1,44
BRDA:27,7,0,6
BRDA:27,7,1,6
BRDA:27,8,0,6
BRDA:27,8,1,25
BRDA:27,9,0,1
BRDA:27,9,1,1
BRDA:27,9,2,1
BRDA:27,10,0,1
BRDA:27,10,1,1
BRDA:27,10,2,1
BRF:26
BRH:19
end_of_record
TN:
SF:src/app/shared/dialog/dialog.html
FN:7,Dialog_Conditional_0_Template_div_click_0_listener
FN:7,Dialog_Conditional_0_Template_div_keydown_0_listener
FN:17,Dialog_Conditional_0_Template_div_click_1_listener
FN:33,Dialog_Conditional_0_Template_button_click_10_listener
FNF:4
FNH:4
FNDA:2,Dialog_Conditional_0_Template_div_click_0_listener
FNDA:4,Dialog_Conditional_0_Template_div_keydown_0_listener
FNDA:7,Dialog_Conditional_0_Template_div_click_1_listener
FNDA:3,Dialog_Conditional_0_Template_button_click_10_listener
DA:1,104
DA:4,27
DA:7,27
DA:10,27
DA:15,30
DA:17,27
DA:19,27
DA:21,30
DA:24,27
DA:25,27
DA:26,27
DA:27,27
DA:28,27
DA:31,30
DA:33,3
DA:35,27
DA:36,27
DA:37,27
DA:38,30
DA:39,27
DA:43,27
DA:44,27
DA:45,27
LF:23
LH:23
BRDA:1,0,0,30
BRDA:1,0,1,74
BRF:2
BRH:2
end_of_record
TN:
SF:src/app/shared/dialog/dialog.ts
FN:51,constructor
FN:52,(anonymous_1)
FN:56,(anonymous_2)
FN:64,close
FN:69,onKeydown
FN:86,trapTab
FN:104,focusables
FN:29,viewQuery
FN:46,(anonymous_8)
FNF:9
FNH:8
FNDA:62,constructor
FNDA:99,(anonymous_1)
FNDA:27,(anonymous_2)
FNDA:8,close
FNDA:4,onKeydown
FNDA:1,trapTab
FNDA:28,focusables
FNDA:65,viewQuery
FNDA:0,(anonymous_8)
DA:7,3
DA:29,166
DA:30,65
DA:31,65
DA:33,65
DA:35,65
DA:36,65
DA:41,65
DA:42,65
DA:44,65
DA:46,65
DA:49,65
DA:52,62
DA:53,99
DA:54,27
DA:56,27
DA:58,72
DA:59,72
DA:65,8
DA:70,4
DA:71,3
DA:72,3
DA:73,3
DA:75,1
DA:76,1
DA:87,1
DA:88,1
DA:89,0
DA:91,1
DA:92,1
DA:93,1
DA:95,1
DA:96,0
DA:97,0
DA:98,1
DA:99,1
DA:100,1
DA:105,28
DA:106,28
LF:39
LH:36
BRDA:53,0,0,27
BRDA:53,0,1,72
BRDA:70,1,0,3
BRDA:70,1,1,1
BRDA:75,2,0,1
BRDA:75,2,1,0
BRDA:88,3,0,0
BRDA:88,3,1,1
BRDA:95,4,0,0
BRDA:95,4,1,1
BRDA:95,5,0,1
BRDA:95,5,1,0
BRDA:95,5,2,0
BRDA:98,6,0,1
BRDA:98,6,1,0
BRDA:98,7,0,1
BRDA:98,7,1,1
BRDA:106,8,0,28
BRDA:106,8,1,0
BRDA:29,9,0,62
BRDA:29,9,1,62
BRDA:29,10,0,62
BRDA:29,10,1,104
BRDA:29,11,0,3
BRDA:29,11,1,3
BRDA:29,11,2,3
BRDA:29,12,0,3
BRDA:29,12,1,3
BRDA:29,12,2,3
BRF:29
BRH:22
end_of_record
TN:
SF:src/app/shared/help/help-dialog.html
FN:5,HelpDialog_Template_app_dialog_closed_0_listener
FNF:1
FNH:1
FNDA:3,HelpDialog_Template_app_dialog_closed_0_listener
DA:1,22
DA:2,38
DA:5,22
DA:7,22
DA:8,38
DA:11,22
DA:12,38
DA:13,38
DA:15,22
DA:16,38
DA:17,38
DA:21,22
DA:22,38
DA:23,22
DA:24,38
DA:25,38
DA:26,38
DA:30,22
DA:31,38
DA:32,38
DA:33,22
DA:34,38
DA:35,66
DA:37,114
DA:39,114
DA:40,114
DA:43,22
LF:27
LH:27
BRF:0
BRH:0
end_of_record
TN:
SF:src/app/shared/help/help-dialog.ts
FN:20,template
FNF:1
FNH:1
FNDA:24,template
DA:20,60
DA:21,24
DA:23,24
DA:25,24
DA:26,24
LF:5
LH:5
BRDA:20,0,0,22
BRDA:20,0,1,22
BRDA:20,1,0,22
BRDA:20,1,1,38
BRDA:20,2,0,2
BRDA:20,2,1,2
BRDA:20,2,2,2
BRDA:20,3,0,2
BRDA:20,3,1,2
BRDA:20,3,2,2
BRF:10
BRH:10
end_of_record
TN:
SF:src/app/shared/protocol/protocol-dialog.html
FN:5,ProtocolDialog_Template_app_dialog_closed_0_listener
FN:19,ProtocolDialog_Template_button_click_2_listener
FNF:2
FNH:2
FNDA:4,ProtocolDialog_Template_app_dialog_closed_0_listener
FNDA:1,ProtocolDialog_Template_button_click_2_listener
DA:1,26
DA:2,73
DA:5,26
DA:9,73
DA:10,57
DA:13,26
DA:18,73
DA:19,26
DA:21,26
DA:22,26
DA:25,26
DA:26,73
DA:27,26
DA:29,73
DA:30,14
DA:31,14
DA:32,14
DA:35,73
DA:39,1
DA:40,1
DA:41,1
DA:42,1
DA:45,0
DA:48,0
DA:51,0
DA:54,1
DA:57,73
DA:61,13
DA:62,14
DA:66,1
DA:67,1
DA:68,1
DA:69,1
DA:71,13
DA:72,49
DA:73,45
DA:74,12
DA:75,13
DA:76,26
DA:77,26
DA:79,12
DA:82,13
DA:85,21
DA:86,23
DA:87,23
DA:89,23
DA:90,23
DA:92,21
DA:97,13
DA:99,26
LF:50
LH:47
BRDA:40,0,0,1
BRDA:40,0,1,0
BRDA:40,1,0,0
BRDA:40,1,1,0
BRDA:40,2,0,0
BRDA:40,2,1,0
BRDA:86,3,0,23
BRDA:86,3,1,0
BRDA:72,4,0,13
BRDA:72,4,1,36
BRDA:72,5,0,13
BRDA:72,5,1,23
BRDA:72,6,0,23
BRDA:72,6,1,0
BRDA:62,7,0,1
BRDA:62,7,1,13
BRDA:2,8,0,73
BRDA:2,8,1,30
BRDA:9,9,0,57
BRDA:9,9,1,16
BRDA:29,10,0,14
BRDA:29,10,1,59
BRDA:35,11,0,1
BRDA:35,11,1,72
BRDA:57,12,0,14
BRDA:57,12,1,59
BRF:26
BRH:19
end_of_record
TN:
SF:src/app/shared/protocol/protocol-dialog.ts
FN:66,(anonymous_0)
FN:70,constructor
FN:71,(anonymous_2)
FN:81,ngOnDestroy
FN:85,load
FN:90,(anonymous_5)
FN:100,(anonymous_6)
FN:102,(anonymous_7)
FN:115,download
FN:131,close
FN:135,reset
FN:149,releaseObjectUrl
FN:41,template
FNF:13
FNH:13
FNDA:43,(anonymous_0)
FNDA:26,constructor
FNDA:44,(anonymous_2)
FNDA:26,ngOnDestroy
FNDA:14,load
FNDA:13,(anonymous_5)
FNDA:13,(anonymous_6)
FNDA:1,(anonymous_7)
FNDA:1,download
FNDA:4,close
FNDA:44,reset
FNDA:27,releaseObjectUrl
FNDA:28,template
DA:41,99
DA:42,28
DA:43,28
DA:46,28
DA:48,28
DA:51,28
DA:53,28
DA:55,28
DA:56,28
DA:58,28
DA:59,28
DA:60,28
DA:63,28
DA:66,43
DA:68,28
DA:71,26
DA:72,44
DA:73,44
DA:74,14
DA:76,30
DA:82,26
DA:86,14
DA:87,14
DA:89,14
DA:91,13
DA:92,13
DA:93,13
DA:94,0
DA:95,0
DA:97,13
DA:100,13
DA:103,1
DA:104,1
DA:116,1
DA:117,1
DA:118,0
DA:122,1
DA:123,1
DA:125,1
DA:126,1
DA:127,1
DA:128,1
DA:132,4
DA:136,44
DA:137,44
DA:138,44
DA:139,44
DA:150,27
DA:151,1
DA:152,1
LF:50
LH:47
BRDA:73,0,0,14
BRDA:73,0,1,30
BRDA:93,1,0,0
BRDA:93,1,1,13
BRDA:117,2,0,0
BRDA:117,2,1,1
BRDA:150,3,0,1
BRDA:150,3,1,26
BRDA:41,4,0,26
BRDA:41,4,1,26
BRDA:41,5,0,26
BRDA:41,5,1,73
BRDA:41,6,0,2
BRDA:41,6,1,2
BRDA:41,6,2,2
BRDA:41,7,0,2
BRDA:41,7,1,2
BRDA:41,7,2,2
BRF:18
BRH:16
end_of_record
TN:
SF:src/app/shared/protocol/protocol-document.ts
FN:56,parseProtocol
FN:86,(anonymous_1)
FN:93,skipBanner
FN:102,readMeta
FN:121,readSections
FN:126,(anonymous_5)
FN:157,(anonymous_6)
FN:158,(anonymous_7)
FN:165,skipBlank
FN:174,filenameOf
FNF:10
FNH:10
FNDA:30,parseProtocol
FNDA:28,(anonymous_1)
FNDA:30,skipBanner
FNDA:30,readMeta
FNDA:30,readSections
FNDA:123,(anonymous_5)
FNDA:49,(anonymous_6)
FNDA:49,(anonymous_7)
FNDA:90,skipBlank
FNDA:16,filenameOf
DA:38,3
DA:41,3
DA:44,3
DA:57,30
DA:58,30
DA:59,30
DA:63,30
DA:65,30
DA:66,30
DA:67,18
DA:68,18
DA:71,30
DA:75,30
DA:76,21
DA:77,21
DA:80,30
DA:85,30
DA:87,28
DA:89,30
DA:94,30
DA:95,30
DA:96,18
DA:98,12
DA:103,30
DA:104,30
DA:105,80
DA:106,80
DA:107,28
DA:109,52
DA:111,30
DA:122,30
DA:123,30
DA:124,30
DA:126,30
DA:127,123
DA:128,123
DA:129,123
DA:130,48
DA:134,30
DA:135,142
DA:136,142
DA:138,142
DA:139,49
DA:140,49
DA:141,49
DA:142,49
DA:144,93
DA:145,44
DA:146,44
DA:148,49
DA:149,0
DA:150,0
DA:152,49
DA:154,30
DA:156,30
DA:157,49
DA:158,49
DA:166,90
DA:167,90
DA:168,41
DA:170,90
DA:175,16
DA:176,6
DA:179,10
DA:180,10
DA:181,1
DA:182,1
DA:187,9
DA:188,9
LF:69
LH:67
BRDA:66,0,0,18
BRDA:66,0,1,12
BRDA:75,1,0,21
BRDA:75,1,1,9
BRDA:75,2,0,30
BRDA:75,2,1,28
BRDA:75,2,2,21
BRDA:87,3,0,28
BRDA:87,3,1,10
BRDA:87,3,2,7
BRDA:89,4,0,25
BRDA:89,4,1,5
BRDA:95,5,0,18
BRDA:95,5,1,12
BRDA:95,6,0,30
BRDA:95,6,1,23
BRDA:95,6,2,18
BRDA:106,7,0,28
BRDA:106,7,1,52
BRDA:129,8,0,48
BRDA:129,8,1,75
BRDA:129,9,0,123
BRDA:129,9,1,48
BRDA:138,10,0,49
BRDA:138,10,1,93
BRDA:144,11,0,44
BRDA:144,11,1,49
BRDA:148,12,0,0
BRDA:148,12,1,49
BRDA:157,13,0,49
BRDA:157,13,1,0
BRDA:167,14,0,90
BRDA:167,14,1,125
BRDA:175,15,0,6
BRDA:175,15,1,10
BRDA:180,16,0,1
BRDA:180,16,1,9
BRDA:188,17,0,9
BRDA:188,17,1,0
BRF:39
BRH:36
end_of_record
TN:
SF:src/environments/environment.ts
FNF:0
FNH:0
DA:7,3
LF:1
LH:1
BRF:0
BRH:0
end_of_record
