GROUP,PACKAGE,CLASS,INSTRUCTION_MISSED,INSTRUCTION_COVERED,BRANCH_MISSED,BRANCH_COVERED,LINE_MISSED,LINE_COVERED,COMPLEXITY_MISSED,COMPLEXITY_COVERED,METHOD_MISSED,METHOD_COVERED
maintenance-assistant,com.keglevich.maintenanceassistant.web,HealthController.HealthResponse,0,9,0,0,0,1,0,1,0,1
maintenance-assistant,com.keglevich.maintenanceassistant.web,SecurityConfig,0,93,0,0,0,14,0,9,0,9
maintenance-assistant,com.keglevich.maintenanceassistant.web,HealthController,1,20,1,1,0,6,1,2,0,2
maintenance-assistant,com.keglevich.maintenanceassistant.web,KeycloakRealmRoleConverter,0,59,0,6,0,15,0,7,0,4
maintenance-assistant,com.keglevich.maintenanceassistant.web,HelloController,0,24,0,0,0,7,0,3,0,3
maintenance-assistant,com.keglevich.maintenanceassistant.web,HelloController.HelloResponse,0,9,0,0,0,1,0,1,0,1
maintenance-assistant,com.keglevich.maintenanceassistant.web,OpenApiConfig,0,45,0,0,0,13,0,2,0,2
maintenance-assistant,com.keglevich.maintenanceassistant,MaintenanceAssistantApplication,5,3,0,0,2,1,1,1,1,1
